::1 - - [15/Dec/2016:14:27:25 +0100] "GET /phpmyadmin/db_structure.php?server=1&db=users&token=f86631b105b10f0c31dd3e2a40e60a16&ajax_request=true&ajax_page_request=true&menuHashes=e1354957-37edccae-dd4746ec&_nocache=1481808445422703241 HTTP/1.1" 200 2474
::1 - - [15/Dec/2016:14:27:27 +0100] "GET /phpmyadmin/db_operations.php?db=users&token=f86631b105b10f0c31dd3e2a40e60a16&ajax_request=true&ajax_page_request=true&menuHashes=e1354957-37edccae-dd4746ec&_nocache=148180844705343312 HTTP/1.1" 200 37684
::1 - - [15/Dec/2016:14:27:29 +0100] "GET /phpmyadmin/sql.php?sql_query=DROP+DATABASE+%60users%60&back=db_operations.php&goto=index.php&reload=1&purge=1&message_to_show=Baza+danych+%60users%60+zosta%C5%82a+usuni%C4%99ta.&token=f86631b105b10f0c31dd3e2a40e60a16&is_js_confirmed=1&ajax_request=true&_nocache=1481808449574817189 HTTP/1.1" 200 202
::1 - - [15/Dec/2016:14:29:59 +0100] "GET /phpmyadmin/db_structure.php?server=1&db=users&token=f86631b105b10f0c31dd3e2a40e60a16&ajax_request=true&ajax_page_request=true&menuHashes=e1354957-37edccae-dd4746ec&_nocache=1481808599316312830 HTTP/1.1" 200 2474
::1 - - [15/Dec/2016:14:30:00 +0100] "GET /phpmyadmin/db_operations.php?db=users&token=f86631b105b10f0c31dd3e2a40e60a16&ajax_request=true&ajax_page_request=true&menuHashes=e1354957-37edccae-dd4746ec&_nocache=1481808600784906004 HTTP/1.1" 200 37684
::1 - - [15/Dec/2016:14:30:03 +0100] "GET /phpmyadmin/sql.php?sql_query=DROP+DATABASE+%60users%60&back=db_operations.php&goto=index.php&reload=1&purge=1&message_to_show=Baza+danych+%60users%60+zosta%C5%82a+usuni%C4%99ta.&token=f86631b105b10f0c31dd3e2a40e60a16&is_js_confirmed=1&ajax_request=true&_nocache=1481808603255712215 HTTP/1.1" 200 1675
::1 - - [15/Dec/2016:14:30:03 +0100] "POST /phpmyadmin/navigation.php?ajax_request=1&token=f86631b105b10f0c31dd3e2a40e60a16 HTTP/1.1" 200 666
::1 - - [15/Dec/2016:14:30:03 +0100] "POST /phpmyadmin/navigation.php?ajax_request=1&token=f86631b105b10f0c31dd3e2a40e60a16 HTTP/1.1" 200 666
::1 - - [15/Dec/2016:14:30:03 +0100] "GET /phpmyadmin/server_databases.php?token=f86631b105b10f0c31dd3e2a40e60a16&server=1&db=&table=&ajax_request=true&ajax_page_request=true&menuHashes=e1354957-37edccae-dd4746ec&_nocache=1481808603579746999 HTTP/1.1" 200 39203
::1 - - [15/Dec/2016:14:30:04 +0100] "GET /phpmyadmin/themes/pmahomme/img/arrow_ltr.png HTTP/1.1" 200 139
::1 - - [15/Dec/2016:14:30:04 +0100] "GET /phpmyadmin/js/get_scripts.js.php?scripts[]=server_databases.js HTTP/1.1" 200 1818
::1 - - [15/Dec/2016:14:38:42 +0100] "GET /phpmyadmin/index.php?db=users&target=db_structure.php&token=f86631b105b10f0c31dd3e2a40e60a16 HTTP/1.1" 200 19123
::1 - - [15/Dec/2016:14:38:42 +0100] "GET /phpmyadmin/themes/pmahomme/jquery/jquery-ui-1.9.2.custom.css HTTP/1.1" 304 -
::1 - - [15/Dec/2016:14:38:42 +0100] "GET /phpmyadmin/js/get_scripts.js.php?scripts[]=jquery/jquery-1.8.3.js&scripts[]=ajax.js&scripts[]=keyhandler.js&scripts[]=jquery/jquery-ui-1.9.2.custom.js&scripts[]=jquery/jquery.sprintf.js&scripts[]=jquery/jquery.cookie.js&scripts[]=jquery/jquery.mousewheel.js&scripts[]=jquery/jquery.event.drag-2.2.js&scripts[]=jquery/jquery-ui-timepicker-addon.js&scripts[]=jquery/jquery.ba-hashchange-1.3.js&scripts[]=jquery/jquery.debounce-1.0.5.js&scripts[]=jquery/jquery.menuResizer-1.0.js&scripts[]=rte.js&scripts[]=functions.js&scripts[]=navigation.js&scripts[]=indexes.js&scripts[]=common.js&scripts[]=db_structure.js&scripts[]=tbl_change.js&scripts[]=codemirror/lib/codemirror.js&scripts[]=codemirror/mode/mysql/mysql.js HTTP/1.1" 200 590944
::1 - - [15/Dec/2016:14:38:42 +0100] "GET /phpmyadmin/phpmyadmin.css.php?server=1&token=f86631b105b10f0c31dd3e2a40e60a16&nocache=5607002415ltr HTTP/1.1" 200 88608
::1 - - [15/Dec/2016:14:38:42 +0100] "GET /phpmyadmin/js/get_image.js.php?theme=pmahomme HTTP/1.1" 200 6263
::1 - - [15/Dec/2016:14:38:42 +0100] "GET /phpmyadmin/js/messages.php?lang=pl&db=users&server=0&token=f86631b105b10f0c31dd3e2a40e60a16 HTTP/1.1" 200 16504
::1 - - [15/Dec/2016:14:38:43 +0100] "GET /phpmyadmin/server_databases.php?db=&table=&server=1&target=&token=f86631b105b10f0c31dd3e2a40e60a16 HTTP/1.1" 200 42660
::1 - - [15/Dec/2016:14:38:43 +0100] "GET /phpmyadmin/js/get_image.js.php?theme=pmahomme HTTP/1.1" 200 6263
::1 - - [15/Dec/2016:14:38:43 +0100] "GET /phpmyadmin/js/get_scripts.js.php?scripts[]=jquery/jquery-1.8.3.js&scripts[]=ajax.js&scripts[]=keyhandler.js&scripts[]=jquery/jquery-ui-1.9.2.custom.js&scripts[]=jquery/jquery.sprintf.js&scripts[]=jquery/jquery.cookie.js&scripts[]=jquery/jquery.mousewheel.js&scripts[]=jquery/jquery.event.drag-2.2.js&scripts[]=jquery/jquery-ui-timepicker-addon.js&scripts[]=jquery/jquery.ba-hashchange-1.3.js&scripts[]=jquery/jquery.debounce-1.0.5.js&scripts[]=jquery/jquery.menuResizer-1.0.js&scripts[]=rte.js&scripts[]=functions.js&scripts[]=navigation.js&scripts[]=indexes.js&scripts[]=common.js&scripts[]=server_databases.js&scripts[]=codemirror/lib/codemirror.js&scripts[]=codemirror/mode/mysql/mysql.js HTTP/1.1" 200 580380
::1 - - [15/Dec/2016:14:38:43 +0100] "GET /phpmyadmin/js/messages.php?lang=pl&db=&token=f86631b105b10f0c31dd3e2a40e60a16 HTTP/1.1" 200 18064
::1 - - [15/Dec/2016:14:38:45 +0100] "GET /phpmyadmin/db_structure.php?server=1&db=users&token=f86631b105b10f0c31dd3e2a40e60a16&ajax_request=true&ajax_page_request=true&menuHashes=f0942a04&_nocache=1481809125813594807 HTTP/1.1" 200 12796
::1 - - [15/Dec/2016:14:38:49 +0100] "GET /phpmyadmin/sql.php?db=users&token=f86631b105b10f0c31dd3e2a40e60a16&goto=db_structure.php&table=users&pos=0&ajax_request=true&ajax_page_request=true&menuHashes=f0942a04-37edccae&_nocache=1481809129283162173 HTTP/1.1" 200 29174
::1 - - [15/Dec/2016:14:38:50 +0100] "GET /phpmyadmin/themes/pmahomme/img/s_fulltext.png HTTP/1.1" 200 193
::1 - - [15/Dec/2016:14:38:50 +0100] "GET /phpmyadmin/js/get_scripts.js.php?scripts[]=tbl_structure.js&scripts[]=gis_data_editor.js&scripts[]=makegrid.js&scripts[]=sql.js HTTP/1.1" 200 50287
::1 - - [15/Dec/2016:14:38:50 +0100] "GET /phpmyadmin/themes/pmahomme/img/col_pointer.png HTTP/1.1" 200 113
::1 - - [15/Dec/2016:14:38:50 +0100] "GET /phpmyadmin/themes/pmahomme/img/col_drop.png HTTP/1.1" 200 132
::1 - - [15/Dec/2016:14:38:50 +0100] "GET /phpmyadmin/index.php?ajax_request=1&recent_table=1&token=f86631b105b10f0c31dd3e2a40e60a16 HTTP/1.1" 200 206
